25ep2,1658329450.743,0.977,0.0697,14999.0+392.0+322.0+14959.0,0.0,0.997,0.007,4765.0+12.0+15.0+4985.0, 0.0


25ep2,1658329639.79,0.989,0.0328,15163.0+218.0+129.0+15162.0,0.0,0.997,0.0077,4764.0+13.0+19.0+4981.0, 0.0


25ep2,1658329828.333,0.993,0.0222,15240.0+153.0+73.0+15206.0,0.0,0.997,0.0085,4768.0+9.0+23.0+4977.0, 0.0


25ep2,1658330016.842,0.994,0.0165,15181.0+117.0+63.0+15311.0,0.0,0.998,0.0055,4766.0+11.0+10.0+4990.0, 0.0


25ep2,1658330205.483,0.996,0.0128,15288.0+81.0+49.0+15254.0,0.0,0.997,0.0088,4771.0+6.0+23.0+4977.0, 0.0


25ep2,1658330393.997,0.996,0.0118,15241.0+70.0+50.0+15311.0,0.0,0.996,0.0111,4765.0+12.0+29.0+4971.0, 0.0


25ep2,1658330582.744,0.997,0.0139,15246.0+69.0+37.0+15320.0,0.0,0.997,0.0071,4772.0+5.0+20.0+4980.0, 0.0


25ep2,1658330771.159,0.997,0.0101,15363.0+58.0+32.0+15219.0,0.0,0.997,0.0086,4775.0+2.0+29.0+4971.0, 0.0


25ep2,1658330959.573,0.998,0.0112,15075.0+38.0+30.0+15529.0,0.0,0.998,0.007,4775.0+2.0+18.0+4982.0, 0.0


25ep2,1658331148.204,0.998,0.0071,15301.0+46.0+27.0+15298.0,0.0,0.998,0.0074,4773.0+4.0+19.0+4981.0, 0.0


25ep2,1658331337.009,0.998,0.0053,15471.0+32.0+22.0+15147.0,0.0,0.998,0.0074,4777.0+0.0+22.0+4978.0, 0.0


25ep2,1658331526.041,0.998,0.0063,15372.0+37.0+29.0+15234.0,0.0,0.998,0.0049,4776.0+1.0+15.0+4985.0, 0.0


25ep2,1658331714.748,0.998,0.0066,15255.0+38.0+32.0+15347.0,0.0,0.998,0.0044,4775.0+2.0+15.0+4985.0, 0.0


25ep2,1658331903.776,0.999,0.0048,15312.0+27.0+19.0+15314.0,0.0,0.998,0.005,4771.0+6.0+15.0+4985.0, 0.0


25ep2,1658332092.541,0.998,0.0075,15284.0+26.0+31.0+15331.0,0.0,0.999,0.0032,4777.0+0.0+13.0+4987.0, 0.0


25ep2,1658332281.632,0.998,0.0048,15276.0+31.0+17.0+15348.0,0.0,0.998,0.004,4777.0+0.0+16.0+4984.0, 0.0


25ep2,1658332470.561,0.999,0.0053,15271.0+27.0+18.0+15356.0,0.0,0.999,0.0034,4777.0+0.0+14.0+4986.0, 0.0


25ep2,1658332659.553,0.998,0.0069,15270.0+37.0+22.0+15343.0,0.0,0.999,0.0035,4777.0+0.0+12.0+4988.0, 0.0


25ep2,1658332856.729,0.998,0.0049,15446.0+29.0+21.0+15176.0,0.0,0.999,0.0027,4777.0+0.0+9.0+4991.0, 0.0


25ep2,1658333064.244,0.998,0.012,15320.0+32.0+37.0+15283.0,0.0,0.999,0.0029,4777.0+0.0+11.0+4989.0, 0.0


25ep2,1658333271.113,0.999,0.0047,15209.0+23.0+16.0+15424.0,0.0,0.999,0.0038,4777.0+0.0+12.0+4988.0, 0.0


25ep2,1658333478.704,0.999,0.0041,15268.0+19.0+14.0+15371.0,0.0,0.998,0.005,4769.0+8.0+11.0+4989.0, 0.0


25ep2,1658333685.351,0.999,0.0045,15193.0+28.0+13.0+15438.0,0.0,0.999,0.003,4777.0+0.0+9.0+4991.0, 0.0


25ep2,1658333892.321,0.999,0.0052,15335.0+24.0+20.0+15293.0,0.0,0.999,0.0036,4777.0+0.0+13.0+4987.0, 0.0


25ep2,1658334099.2,0.998,0.0107,15388.0+27.0+31.0+15226.0,0.0,0.998,0.0035,4777.0+0.0+15.0+4985.0, 0.0


