25ep6,1658341181.307,0.977,0.07,15958.0+407.0+331.0+15892.0,0.0,0.998,0.0058,4604.0+9.0+9.0+3842.0, 0.0


25ep6,1658341377.825,0.989,0.0344,15937.0+223.0+129.0+16299.0,0.0,0.998,0.005,4604.0+9.0+6.0+3845.0, 0.0


25ep6,1658341574.574,0.993,0.0219,16179.0+148.0+89.0+16172.0,0.0,0.998,0.0077,4600.0+13.0+1.0+3850.0, 0.0


25ep6,1658341771.489,0.994,0.0179,16111.0+128.0+67.0+16282.0,0.0,0.999,0.0077,4605.0+8.0+3.0+3848.0, 0.0


25ep6,1658341968.564,0.996,0.0123,16265.0+86.0+51.0+16186.0,0.0,0.999,0.0067,4602.0+11.0+0.0+3851.0, 0.0


25ep6,1658342165.294,0.996,0.012,16075.0+86.0+43.0+16384.0,0.0,0.999,0.0024,4611.0+2.0+3.0+3848.0, 0.0


25ep6,1658342362.696,0.997,0.0103,16228.0+65.0+49.0+16246.0,0.0,0.998,0.0056,4601.0+12.0+1.0+3850.0, 0.0


25ep6,1658342559.284,0.997,0.0092,16275.0+58.0+36.0+16219.0,0.0,0.999,0.0038,4606.0+7.0+5.0+3846.0, 0.0


25ep6,1658342756.562,0.997,0.0093,16194.0+60.0+42.0+16292.0,0.0,0.999,0.0024,4611.0+2.0+4.0+3847.0, 0.0


25ep6,1658342953.337,0.997,0.0084,16269.0+53.0+45.0+16221.0,0.0,1.0,0.0017,4610.0+3.0+1.0+3850.0, 0.0


25ep6,1658343150.135,0.997,0.0074,16395.0+53.0+32.0+16108.0,0.0,0.999,0.0016,4608.0+5.0+1.0+3850.0, 0.0


25ep6,1658343346.739,0.998,0.007,16354.0+42.0+26.0+16166.0,0.0,0.999,0.0028,4605.0+8.0+2.0+3849.0, 0.0


25ep6,1658343543.894,0.998,0.0063,16181.0+36.0+22.0+16349.0,0.0,0.999,0.002,4608.0+5.0+1.0+3850.0, 0.0


25ep6,1658343740.929,0.998,0.0063,16384.0+36.0+23.0+16145.0,0.0,0.999,0.0021,4608.0+5.0+2.0+3849.0, 0.0


25ep6,1658343937.917,0.998,0.0061,16202.0+30.0+25.0+16331.0,0.0,0.999,0.0029,4604.0+9.0+1.0+3850.0, 0.0


25ep6,1658344135.192,0.998,0.0052,16229.0+28.0+27.0+16304.0,0.0,1.0,0.0014,4610.0+3.0+1.0+3850.0, 0.0


25ep6,1658344332.124,0.998,0.0056,16275.0+41.0+21.0+16251.0,0.0,1.0,0.0014,4610.0+3.0+1.0+3850.0, 0.0


25ep6,1658344529.335,0.999,0.0075,16270.0+25.0+19.0+16274.0,0.0,0.999,0.0024,4609.0+4.0+3.0+3848.0, 0.0


25ep6,1658344726.258,0.998,0.0097,16139.0+38.0+29.0+16382.0,0.0,0.999,0.0014,4609.0+4.0+2.0+3849.0, 0.0


25ep6,1658344923.755,0.998,0.0048,16340.0+32.0+19.0+16197.0,0.0,0.999,0.002,4607.0+6.0+2.0+3849.0, 0.0


25ep6,1658345121.047,0.998,0.0078,16108.0+39.0+28.0+16413.0,0.0,0.999,0.0018,4609.0+4.0+1.0+3850.0, 0.0


25ep6,1658345318.33,0.998,0.0086,16120.0+26.0+32.0+16410.0,0.0,0.999,0.0017,4609.0+4.0+1.0+3850.0, 0.0


25ep6,1658345515.329,0.999,0.004,16132.0+17.0+14.0+16425.0,0.0,0.999,0.0013,4610.0+3.0+2.0+3849.0, 0.0


25ep6,1658345712.542,0.998,0.0049,16289.0+31.0+18.0+16250.0,0.0,1.0,0.0014,4610.0+3.0+1.0+3850.0, 0.0


25ep6,1658345909.99,0.998,0.0055,16097.0+39.0+21.0+16431.0,0.0,0.999,0.0015,4609.0+4.0+2.0+3849.0, 0.0


